<?xml version="1.0" encoding="UTF-8"?>
<coverage generated="1525744227393" clover="3.2.0">
  <project timestamp="1525744227393" name="All files">
    <metrics statements="163" coveredstatements="54" conditionals="126" coveredconditionals="45" methods="56" coveredmethods="26" elements="345" coveredelements="125" complexity="0" loc="163" ncloc="163" packages="2" files="7" classes="7">
      <package name="src">
        <metrics statements="44" coveredstatements="11" conditionals="18" coveredconditionals="1" methods="10" coveredmethods="3"/>
        <file name="easing.js" path="/Users/FelipeMarcos/Projects/skrollr/src/easing.js">
          <metrics statements="0" coveredstatements="0" conditionals="0" coveredconditionals="0" methods="0" coveredmethods="0"/>
        </file>
        <file name="prop.js" path="/Users/FelipeMarcos/Projects/skrollr/src/prop.js">
          <metrics statements="42" coveredstatements="9" conditionals="16" coveredconditionals="0" methods="9" coveredmethods="2"/>
          <line num="13" count="1" type="stmt"/>
          <line num="14" count="1" type="stmt"/>
          <line num="15" count="1" type="stmt"/>
          <line num="16" count="1" type="stmt"/>
          <line num="17" count="1" type="stmt"/>
          <line num="18" count="1" type="stmt"/>
          <line num="20" count="1" type="stmt"/>
          <line num="21" count="2" type="stmt"/>
          <line num="23" count="1" type="stmt"/>
          <line num="27" count="0" type="stmt"/>
          <line num="31" count="0" type="cond" truecount="0" falsecount="2"/>
          <line num="32" count="0" type="stmt"/>
          <line num="35" count="0" type="stmt"/>
          <line num="37" count="0" type="stmt"/>
          <line num="38" count="0" type="stmt"/>
          <line num="40" count="0" type="cond" truecount="0" falsecount="2"/>
          <line num="41" count="0" type="stmt"/>
          <line num="44" count="0" type="cond" truecount="0" falsecount="2"/>
          <line num="45" count="0" type="stmt"/>
          <line num="48" count="0" type="cond" truecount="0" falsecount="2"/>
          <line num="49" count="0" type="stmt"/>
          <line num="52" count="0" type="stmt"/>
          <line num="58" count="0" type="stmt"/>
          <line num="62" count="0" type="stmt"/>
          <line num="63" count="0" type="stmt"/>
          <line num="64" count="0" type="stmt"/>
          <line num="66" count="0" type="cond" truecount="0" falsecount="2"/>
          <line num="67" count="0" type="stmt"/>
          <line num="69" count="0" type="stmt"/>
          <line num="73" count="0" type="stmt"/>
          <line num="75" count="0" type="cond" truecount="0" falsecount="2"/>
          <line num="76" count="0" type="cond" truecount="0" falsecount="2"/>
          <line num="78" count="0" type="stmt"/>
          <line num="80" count="0" type="stmt"/>
          <line num="82" count="0" type="stmt"/>
          <line num="83" count="0" type="stmt"/>
          <line num="85" count="0" type="cond" truecount="0" falsecount="2"/>
          <line num="86" count="0" type="stmt"/>
          <line num="89" count="0" type="stmt"/>
          <line num="92" count="0" type="stmt"/>
          <line num="93" count="0" type="stmt"/>
          <line num="95" count="0" type="stmt"/>
        </file>
        <file name="transforms.js" path="/Users/FelipeMarcos/Projects/skrollr/src/transforms.js">
          <metrics statements="2" coveredstatements="2" conditionals="2" coveredconditionals="1" methods="1" coveredmethods="1"/>
          <line num="6" count="2" type="stmt"/>
          <line num="7" count="2" type="cond" truecount="1" falsecount="1"/>
        </file>
      </package>
      <package name="src.utils">
        <metrics statements="119" coveredstatements="43" conditionals="108" coveredconditionals="44" methods="46" coveredmethods="23"/>
        <file name="colors.js" path="/Users/FelipeMarcos/Projects/skrollr/src/utils/colors.js">
          <metrics statements="31" coveredstatements="0" conditionals="26" coveredconditionals="0" methods="6" coveredmethods="0"/>
          <line num="4" count="0" type="stmt"/>
          <line num="5" count="0" type="cond" truecount="0" falsecount="2"/>
          <line num="9" count="0" type="stmt"/>
          <line num="10" count="0" type="stmt"/>
          <line num="11" count="0" type="stmt"/>
          <line num="12" count="0" type="stmt"/>
          <line num="13" count="0" type="stmt"/>
          <line num="14" count="0" type="stmt"/>
          <line num="15" count="0" type="stmt"/>
          <line num="19" count="0" type="cond" truecount="0" falsecount="2"/>
          <line num="20" count="0" type="stmt"/>
          <line num="21" count="0" type="stmt"/>
          <line num="22" count="0" type="stmt"/>
          <line num="23" count="0" type="cond" truecount="0" falsecount="2"/>
          <line num="25" count="0" type="cond" truecount="0" falsecount="2"/>
          <line num="26" count="0" type="cond" truecount="0" falsecount="2"/>
          <line num="27" count="0" type="cond" truecount="0" falsecount="2"/>
          <line num="28" count="0" type="cond" truecount="0" falsecount="2"/>
          <line num="29" count="0" type="cond" truecount="0" falsecount="2"/>
          <line num="30" count="0" type="stmt"/>
          <line num="33" count="0" type="cond" truecount="0" falsecount="2"/>
          <line num="34" count="0" type="stmt"/>
          <line num="36" count="0" type="cond" truecount="0" falsecount="2"/>
          <line num="37" count="0" type="stmt"/>
          <line num="38" count="0" type="stmt"/>
          <line num="39" count="0" type="stmt"/>
          <line num="40" count="0" type="stmt"/>
          <line num="42" count="0" type="stmt"/>
          <line num="46" count="0" type="cond" truecount="0" falsecount="2"/>
          <line num="47" count="0" type="cond" truecount="0" falsecount="2"/>
          <line num="48" count="0" type="cond" truecount="0" falsecount="2"/>
        </file>
        <file name="index.js" path="/Users/FelipeMarcos/Projects/skrollr/src/utils/index.js">
          <metrics statements="7" coveredstatements="3" conditionals="0" coveredconditionals="0" methods="8" coveredmethods="4"/>
          <line num="2" count="0" type="stmt"/>
          <line num="6" count="6" type="stmt"/>
          <line num="10" count="89" type="stmt"/>
          <line num="14" count="0" type="stmt"/>
          <line num="18" count="0" type="stmt"/>
          <line num="22" count="3" type="stmt"/>
          <line num="26" count="0" type="stmt"/>
        </file>
        <file name="is.js" path="/Users/FelipeMarcos/Projects/skrollr/src/utils/is.js">
          <metrics statements="13" coveredstatements="9" conditionals="7" coveredconditionals="4" methods="12" coveredmethods="8"/>
          <line num="3" count="2" type="stmt"/>
          <line num="4" count="0" type="stmt"/>
          <line num="5" count="0" type="stmt"/>
          <line num="6" count="0" type="cond" truecount="0" falsecount="2"/>
          <line num="7" count="4" type="stmt"/>
          <line num="8" count="20" type="cond" truecount="1" falsecount="1"/>
          <line num="9" count="4" type="stmt"/>
          <line num="10" count="1" type="stmt"/>
          <line num="11" count="0" type="stmt"/>
          <line num="12" count="4" type="stmt"/>
          <line num="13" count="4" type="stmt"/>
          <line num="14" count="4" type="stmt"/>
          <line num="15" count="4" type="cond" truecount="3" falsecount="0"/>
        </file>
        <file name="tween.js" path="/Users/FelipeMarcos/Projects/skrollr/src/utils/tween.js">
          <metrics statements="68" coveredstatements="31" conditionals="75" coveredconditionals="40" methods="20" coveredmethods="11"/>
          <line num="19" count="2" type="stmt"/>
          <line num="21" count="2" type="stmt"/>
          <line num="27" count="1" type="cond" truecount="2" falsecount="0"/>
          <line num="31" count="0" type="stmt"/>
          <line num="33" count="0" type="cond" truecount="0" falsecount="4"/>
          <line num="34" count="0" type="stmt"/>
          <line num="37" count="0" type="stmt"/>
          <line num="39" count="0" type="stmt"/>
          <line num="44" count="3" type="cond" truecount="2" falsecount="2"/>
          <line num="45" count="0" type="cond" truecount="0" falsecount="4"/>
          <line num="49" count="11" type="cond" truecount="4" falsecount="0"/>
          <line num="50" count="5" type="cond" truecount="5" falsecount="1"/>
          <line num="51" count="4" type="cond" truecount="5" falsecount="0"/>
          <line num="55" count="6" type="cond" truecount="2" falsecount="0"/>
          <line num="56" count="3" type="cond" truecount="2" falsecount="0"/>
          <line num="61" count="3" type="cond" truecount="1" falsecount="1"/>
          <line num="62" count="0" type="stmt"/>
          <line num="65" count="3" type="stmt"/>
          <line num="66" count="3" type="cond" truecount="2" falsecount="0"/>
          <line num="68" count="3" type="cond" truecount="3" falsecount="1"/>
          <line num="72" count="1" type="cond" truecount="1" falsecount="1"/>
          <line num="73" count="0" type="stmt"/>
          <line num="77" count="3" type="stmt"/>
          <line num="79" count="3" type="stmt"/>
          <line num="80" count="3" type="cond" truecount="2" falsecount="0"/>
          <line num="82" count="3" type="stmt"/>
          <line num="84" count="3" type="stmt"/>
          <line num="92" count="76" type="stmt"/>
          <line num="93" count="76" type="cond" truecount="1" falsecount="1"/>
          <line num="97" count="3" type="stmt"/>
          <line num="98" count="3" type="cond" truecount="1" falsecount="1"/>
          <line num="99" count="3" type="stmt"/>
          <line num="101" count="3" type="cond" truecount="1" falsecount="1"/>
          <line num="102" count="3" type="stmt"/>
          <line num="105" count="0" type="stmt"/>
          <line num="106" count="0" type="stmt"/>
          <line num="107" count="0" type="stmt"/>
          <line num="108" count="0" type="stmt"/>
          <line num="109" count="0" type="stmt"/>
          <line num="110" count="0" type="stmt"/>
          <line num="111" count="0" type="stmt"/>
          <line num="114" count="0" type="stmt"/>
          <line num="116" count="0" type="cond" truecount="0" falsecount="2"/>
          <line num="120" count="3" type="cond" truecount="1" falsecount="2"/>
          <line num="121" count="3" type="stmt"/>
          <line num="122" count="0" type="stmt"/>
          <line num="123" count="0" type="stmt"/>
          <line num="125" count="0" type="cond" truecount="0" falsecount="2"/>
          <line num="129" count="0" type="stmt"/>
          <line num="131" count="0" type="cond" truecount="0" falsecount="2"/>
          <line num="132" count="0" type="stmt"/>
          <line num="135" count="0" type="cond" truecount="0" falsecount="2"/>
          <line num="136" count="0" type="stmt"/>
          <line num="137" count="0" type="stmt"/>
          <line num="138" count="0" type="cond" truecount="0" falsecount="3"/>
          <line num="139" count="0" type="stmt"/>
          <line num="140" count="0" type="stmt"/>
          <line num="141" count="0" type="stmt"/>
          <line num="146" count="1" type="cond" truecount="1" falsecount="1"/>
          <line num="147" count="1" type="stmt"/>
          <line num="151" count="0" type="stmt"/>
          <line num="155" count="0" type="stmt"/>
          <line num="162" count="2" type="stmt"/>
          <line num="163" count="0" type="stmt"/>
          <line num="164" count="0" type="stmt"/>
          <line num="166" count="0" type="cond" truecount="0" falsecount="2"/>
          <line num="167" count="0" type="stmt"/>
          <line num="170" count="0" type="stmt"/>
        </file>
      </package>
    </metrics>
  </project>
</coverage>
