{"/Users/FelipeMarcos/Projects/skrollr/src/easing.js": {"path":"/Users/FelipeMarcos/Projects/skrollr/src/easing.js","statementMap":{},"fnMap":{},"branchMap":{},"s":{},"f":{},"b":{},"_coverageSchema":"332fd63041d2c1bcb487cc26dd0d5f7d97098a6c","hash":"6be10fdc5e77740002bb884d975ac8b6c1bbbf59"}
,"/Users/FelipeMarcos/Projects/skrollr/src/prop.js": {"path":"/Users/FelipeMarcos/Projects/skrollr/src/prop.js","statementMap":{"0":{"start":{"line":13,"column":4},"end":{"line":13,"column":29}},"1":{"start":{"line":14,"column":4},"end":{"line":14,"column":33}},"2":{"start":{"line":15,"column":4},"end":{"line":15,"column":43}},"3":{"start":{"line":16,"column":4},"end":{"line":16,"column":49}},"4":{"start":{"line":17,"column":4},"end":{"line":17,"column":33}},"5":{"start":{"line":18,"column":4},"end":{"line":18,"column":59}},"6":{"start":{"line":20,"column":4},"end":{"line":21,"column":69}},"7":{"start":{"line":21,"column":22},"end":{"line":21,"column":67}},"8":{"start":{"line":23,"column":4},"end":{"line":23,"column":51}},"9":{"start":{"line":27,"column":4},"end":{"line":27,"column":57}},"10":{"start":{"line":31,"column":4},"end":{"line":33,"column":5}},"11":{"start":{"line":32,"column":6},"end":{"line":32,"column":24}},"12":{"start":{"line":35,"column":4},"end":{"line":54,"column":16}},"13":{"start":{"line":37,"column":27},"end":{"line":37,"column":45}},"14":{"start":{"line":38,"column":23},"end":{"line":38,"column":37}},"15":{"start":{"line":40,"column":8},"end":{"line":42,"column":9}},"16":{"start":{"line":41,"column":10},"end":{"line":41,"column":20}},"17":{"start":{"line":44,"column":8},"end":{"line":46,"column":9}},"18":{"start":{"line":45,"column":10},"end":{"line":45,"column":30}},"19":{"start":{"line":48,"column":8},"end":{"line":50,"column":9}},"20":{"start":{"line":49,"column":10},"end":{"line":49,"column":46}},"21":{"start":{"line":52,"column":8},"end":{"line":52,"column":35}},"22":{"start":{"line":58,"column":4},"end":{"line":58,"column":72}},"23":{"start":{"line":62,"column":19},"end":{"line":62,"column":30}},"24":{"start":{"line":63,"column":24},"end":{"line":63,"column":33}},"25":{"start":{"line":64,"column":24},"end":{"line":64,"column":49}},"26":{"start":{"line":66,"column":24},"end":{"line":66,"column":62}},"27":{"start":{"line":67,"column":19},"end":{"line":67,"column":77}},"28":{"start":{"line":69,"column":4},"end":{"line":69,"column":26}},"29":{"start":{"line":73,"column":19},"end":{"line":73,"column":30}},"30":{"start":{"line":75,"column":18},"end":{"line":75,"column":43}},"31":{"start":{"line":76,"column":18},"end":{"line":76,"column":47}},"32":{"start":{"line":78,"column":21},"end":{"line":78,"column":83}},"33":{"start":{"line":80,"column":20},"end":{"line":90,"column":8}},"34":{"start":{"line":82,"column":26},"end":{"line":82,"column":44}},"35":{"start":{"line":83,"column":27},"end":{"line":83,"column":71}},"36":{"start":{"line":85,"column":8},"end":{"line":87,"column":9}},"37":{"start":{"line":86,"column":10},"end":{"line":86,"column":50}},"38":{"start":{"line":89,"column":8},"end":{"line":89,"column":28}},"39":{"start":{"line":92,"column":20},"end":{"line":92,"column":31}},"40":{"start":{"line":93,"column":20},"end":{"line":93,"column":54}},"41":{"start":{"line":95,"column":4},"end":{"line":95,"column":26}}},"fnMap":{"0":{"name":"(anonymous_0)","decl":{"start":{"line":12,"column":2},"end":{"line":12,"column":3}},"loc":{"start":{"line":12,"column":23},"end":{"line":24,"column":3}},"line":12},"1":{"name":"(anonymous_1)","decl":{"start":{"line":21,"column":11},"end":{"line":21,"column":12}},"loc":{"start":{"line":21,"column":22},"end":{"line":21,"column":67}},"line":21},"2":{"name":"(anonymous_2)","decl":{"start":{"line":26,"column":2},"end":{"line":26,"column":3}},"loc":{"start":{"line":26,"column":35},"end":{"line":28,"column":3}},"line":26},"3":{"name":"(anonymous_3)","decl":{"start":{"line":30,"column":2},"end":{"line":30,"column":3}},"loc":{"start":{"line":30,"column":32},"end":{"line":55,"column":3}},"line":30},"4":{"name":"(anonymous_4)","decl":{"start":{"line":36,"column":11},"end":{"line":36,"column":12}},"loc":{"start":{"line":36,"column":30},"end":{"line":53,"column":7}},"line":36},"5":{"name":"(anonymous_5)","decl":{"start":{"line":57,"column":2},"end":{"line":57,"column":3}},"loc":{"start":{"line":57,"column":18},"end":{"line":59,"column":3}},"line":57},"6":{"name":"(anonymous_6)","decl":{"start":{"line":61,"column":2},"end":{"line":61,"column":3}},"loc":{"start":{"line":61,"column":37},"end":{"line":70,"column":3}},"line":61},"7":{"name":"(anonymous_7)","decl":{"start":{"line":72,"column":2},"end":{"line":72,"column":3}},"loc":{"start":{"line":72,"column":35},"end":{"line":96,"column":3}},"line":72},"8":{"name":"(anonymous_8)","decl":{"start":{"line":81,"column":11},"end":{"line":81,"column":12}},"loc":{"start":{"line":81,"column":30},"end":{"line":90,"column":7}},"line":81}},"branchMap":{"0":{"loc":{"start":{"line":31,"column":4},"end":{"line":33,"column":5}},"type":"if","locations":[{"start":{"line":31,"column":4},"end":{"line":33,"column":5}},{"start":{"line":31,"column":4},"end":{"line":33,"column":5}}],"line":31},"1":{"loc":{"start":{"line":40,"column":8},"end":{"line":42,"column":9}},"type":"if","locations":[{"start":{"line":40,"column":8},"end":{"line":42,"column":9}},{"start":{"line":40,"column":8},"end":{"line":42,"column":9}}],"line":40},"2":{"loc":{"start":{"line":44,"column":8},"end":{"line":46,"column":9}},"type":"if","locations":[{"start":{"line":44,"column":8},"end":{"line":46,"column":9}},{"start":{"line":44,"column":8},"end":{"line":46,"column":9}}],"line":44},"3":{"loc":{"start":{"line":48,"column":8},"end":{"line":50,"column":9}},"type":"if","locations":[{"start":{"line":48,"column":8},"end":{"line":50,"column":9}},{"start":{"line":48,"column":8},"end":{"line":50,"column":9}}],"line":48},"4":{"loc":{"start":{"line":66,"column":24},"end":{"line":66,"column":62}},"type":"cond-expr","locations":[{"start":{"line":66,"column":38},"end":{"line":66,"column":49}},{"start":{"line":66,"column":52},"end":{"line":66,"column":62}}],"line":66},"5":{"loc":{"start":{"line":75,"column":18},"end":{"line":75,"column":43}},"type":"binary-expr","locations":[{"start":{"line":75,"column":18},"end":{"line":75,"column":37}},{"start":{"line":75,"column":41},"end":{"line":75,"column":43}}],"line":75},"6":{"loc":{"start":{"line":76,"column":18},"end":{"line":76,"column":47}},"type":"binary-expr","locations":[{"start":{"line":76,"column":18},"end":{"line":76,"column":41}},{"start":{"line":76,"column":45},"end":{"line":76,"column":47}}],"line":76},"7":{"loc":{"start":{"line":85,"column":8},"end":{"line":87,"column":9}},"type":"if","locations":[{"start":{"line":85,"column":8},"end":{"line":87,"column":9}},{"start":{"line":85,"column":8},"end":{"line":87,"column":9}}],"line":85}},"s":{"0":1,"1":1,"2":1,"3":1,"4":1,"5":1,"6":1,"7":2,"8":1,"9":0,"10":0,"11":0,"12":0,"13":0,"14":0,"15":0,"16":0,"17":0,"18":0,"19":0,"20":0,"21":0,"22":0,"23":0,"24":0,"25":0,"26":0,"27":0,"28":0,"29":0,"30":0,"31":0,"32":0,"33":0,"34":0,"35":0,"36":0,"37":0,"38":0,"39":0,"40":0,"41":0},"f":{"0":1,"1":2,"2":0,"3":0,"4":0,"5":0,"6":0,"7":0,"8":0},"b":{"0":[0,0],"1":[0,0],"2":[0,0],"3":[0,0],"4":[0,0],"5":[0,0],"6":[0,0],"7":[0,0]},"_coverageSchema":"332fd63041d2c1bcb487cc26dd0d5f7d97098a6c","hash":"3b4b41502590f4046590fcad1d7c0aa9ea1de3d3"}
,"/Users/FelipeMarcos/Projects/skrollr/src/transforms.js": {"path":"/Users/FelipeMarcos/Projects/skrollr/src/transforms.js","statementMap":{"0":{"start":{"line":6,"column":14},"end":{"line":6,"column":25}},"1":{"start":{"line":7,"column":4},"end":{"line":7,"column":62}}},"fnMap":{"0":{"name":"(anonymous_0)","decl":{"start":{"line":5,"column":11},"end":{"line":5,"column":12}},"loc":{"start":{"line":5,"column":17},"end":{"line":8,"column":3}},"line":5}},"branchMap":{"0":{"loc":{"start":{"line":7,"column":11},"end":{"line":7,"column":61}},"type":"cond-expr","locations":[{"start":{"line":7,"column":43},"end":{"line":7,"column":44}},{"start":{"line":7,"column":47},"end":{"line":7,"column":61}}],"line":7}},"s":{"0":2,"1":2},"f":{"0":2},"b":{"0":[0,2]},"_coverageSchema":"332fd63041d2c1bcb487cc26dd0d5f7d97098a6c","hash":"c42faf6c6bf366bbf8302902b3be977089caaf6b"}
,"/Users/FelipeMarcos/Projects/skrollr/src/utils/colors.js": {"path":"/Users/FelipeMarcos/Projects/skrollr/src/utils/colors.js","statementMap":{"0":{"start":{"line":4,"column":14},"end":{"line":4,"column":62}},"1":{"start":{"line":5,"column":2},"end":{"line":5,"column":46}},"2":{"start":{"line":9,"column":14},"end":{"line":9,"column":48}},"3":{"start":{"line":10,"column":14},"end":{"line":10,"column":75}},"4":{"start":{"line":10,"column":52},"end":{"line":10,"column":73}},"5":{"start":{"line":11,"column":14},"end":{"line":11,"column":67}},"6":{"start":{"line":12,"column":12},"end":{"line":12,"column":32}},"7":{"start":{"line":13,"column":12},"end":{"line":13,"column":32}},"8":{"start":{"line":14,"column":12},"end":{"line":14,"column":32}},"9":{"start":{"line":15,"column":2},"end":{"line":15,"column":34}},"10":{"start":{"line":19,"column":14},"end":{"line":19,"column":143}},"11":{"start":{"line":20,"column":12},"end":{"line":20,"column":34}},"12":{"start":{"line":21,"column":12},"end":{"line":21,"column":34}},"13":{"start":{"line":22,"column":12},"end":{"line":22,"column":34}},"14":{"start":{"line":23,"column":12},"end":{"line":23,"column":23}},"15":{"start":{"line":25,"column":4},"end":{"line":25,"column":22}},"16":{"start":{"line":25,"column":15},"end":{"line":25,"column":22}},"17":{"start":{"line":26,"column":4},"end":{"line":26,"column":22}},"18":{"start":{"line":26,"column":15},"end":{"line":26,"column":22}},"19":{"start":{"line":27,"column":4},"end":{"line":27,"column":44}},"20":{"start":{"line":27,"column":17},"end":{"line":27,"column":44}},"21":{"start":{"line":28,"column":4},"end":{"line":28,"column":26}},"22":{"start":{"line":28,"column":17},"end":{"line":28,"column":26}},"23":{"start":{"line":29,"column":4},"end":{"line":29,"column":52}},"24":{"start":{"line":29,"column":17},"end":{"line":29,"column":52}},"25":{"start":{"line":30,"column":4},"end":{"line":30,"column":13}},"26":{"start":{"line":33,"column":2},"end":{"line":41,"column":3}},"27":{"start":{"line":34,"column":4},"end":{"line":34,"column":18}},"28":{"start":{"line":36,"column":14},"end":{"line":36,"column":51}},"29":{"start":{"line":37,"column":14},"end":{"line":37,"column":23}},"30":{"start":{"line":38,"column":4},"end":{"line":38,"column":31}},"31":{"start":{"line":39,"column":4},"end":{"line":39,"column":25}},"32":{"start":{"line":40,"column":4},"end":{"line":40,"column":31}},"33":{"start":{"line":42,"column":2},"end":{"line":42,"column":55}},"34":{"start":{"line":46,"column":2},"end":{"line":46,"column":41}},"35":{"start":{"line":46,"column":19},"end":{"line":46,"column":41}},"36":{"start":{"line":47,"column":2},"end":{"line":47,"column":41}},"37":{"start":{"line":47,"column":19},"end":{"line":47,"column":41}},"38":{"start":{"line":48,"column":2},"end":{"line":48,"column":41}},"39":{"start":{"line":48,"column":19},"end":{"line":48,"column":41}}},"fnMap":{"0":{"name":"rgbToRgba","decl":{"start":{"line":3,"column":16},"end":{"line":3,"column":25}},"loc":{"start":{"line":3,"column":36},"end":{"line":6,"column":1}},"line":3},"1":{"name":"hexToRgba","decl":{"start":{"line":8,"column":16},"end":{"line":8,"column":25}},"loc":{"start":{"line":8,"column":36},"end":{"line":16,"column":1}},"line":8},"2":{"name":"(anonymous_2)","decl":{"start":{"line":10,"column":36},"end":{"line":10,"column":37}},"loc":{"start":{"line":10,"column":52},"end":{"line":10,"column":73}},"line":10},"3":{"name":"hslToRgba","decl":{"start":{"line":18,"column":16},"end":{"line":18,"column":25}},"loc":{"start":{"line":18,"column":36},"end":{"line":43,"column":1}},"line":18},"4":{"name":"hue2rgb","decl":{"start":{"line":24,"column":11},"end":{"line":24,"column":18}},"loc":{"start":{"line":24,"column":28},"end":{"line":31,"column":3}},"line":24},"5":{"name":"colorToRgb","decl":{"start":{"line":45,"column":16},"end":{"line":45,"column":26}},"loc":{"start":{"line":45,"column":32},"end":{"line":49,"column":1}},"line":45}},"branchMap":{"0":{"loc":{"start":{"line":5,"column":9},"end":{"line":5,"column":45}},"type":"cond-expr","locations":[{"start":{"line":5,"column":15},"end":{"line":5,"column":34}},{"start":{"line":5,"column":37},"end":{"line":5,"column":45}}],"line":5},"1":{"loc":{"start":{"line":19,"column":14},"end":{"line":19,"column":143}},"type":"binary-expr","locations":[{"start":{"line":19,"column":14},"end":{"line":19,"column":70}},{"start":{"line":19,"column":74},"end":{"line":19,"column":143}}],"line":19},"2":{"loc":{"start":{"line":23,"column":12},"end":{"line":23,"column":23}},"type":"binary-expr","locations":[{"start":{"line":23,"column":12},"end":{"line":23,"column":18}},{"start":{"line":23,"column":22},"end":{"line":23,"column":23}}],"line":23},"3":{"loc":{"start":{"line":25,"column":4},"end":{"line":25,"column":22}},"type":"if","locations":[{"start":{"line":25,"column":4},"end":{"line":25,"column":22}},{"start":{"line":25,"column":4},"end":{"line":25,"column":22}}],"line":25},"4":{"loc":{"start":{"line":26,"column":4},"end":{"line":26,"column":22}},"type":"if","locations":[{"start":{"line":26,"column":4},"end":{"line":26,"column":22}},{"start":{"line":26,"column":4},"end":{"line":26,"column":22}}],"line":26},"5":{"loc":{"start":{"line":27,"column":4},"end":{"line":27,"column":44}},"type":"if","locations":[{"start":{"line":27,"column":4},"end":{"line":27,"column":44}},{"start":{"line":27,"column":4},"end":{"line":27,"column":44}}],"line":27},"6":{"loc":{"start":{"line":28,"column":4},"end":{"line":28,"column":26}},"type":"if","locations":[{"start":{"line":28,"column":4},"end":{"line":28,"column":26}},{"start":{"line":28,"column":4},"end":{"line":28,"column":26}}],"line":28},"7":{"loc":{"start":{"line":29,"column":4},"end":{"line":29,"column":52}},"type":"if","locations":[{"start":{"line":29,"column":4},"end":{"line":29,"column":52}},{"start":{"line":29,"column":4},"end":{"line":29,"column":52}}],"line":29},"8":{"loc":{"start":{"line":33,"column":2},"end":{"line":41,"column":3}},"type":"if","locations":[{"start":{"line":33,"column":2},"end":{"line":41,"column":3}},{"start":{"line":33,"column":2},"end":{"line":41,"column":3}}],"line":33},"9":{"loc":{"start":{"line":36,"column":14},"end":{"line":36,"column":51}},"type":"cond-expr","locations":[{"start":{"line":36,"column":24},"end":{"line":36,"column":35}},{"start":{"line":36,"column":38},"end":{"line":36,"column":51}}],"line":36},"10":{"loc":{"start":{"line":46,"column":2},"end":{"line":46,"column":41}},"type":"if","locations":[{"start":{"line":46,"column":2},"end":{"line":46,"column":41}},{"start":{"line":46,"column":2},"end":{"line":46,"column":41}}],"line":46},"11":{"loc":{"start":{"line":47,"column":2},"end":{"line":47,"column":41}},"type":"if","locations":[{"start":{"line":47,"column":2},"end":{"line":47,"column":41}},{"start":{"line":47,"column":2},"end":{"line":47,"column":41}}],"line":47},"12":{"loc":{"start":{"line":48,"column":2},"end":{"line":48,"column":41}},"type":"if","locations":[{"start":{"line":48,"column":2},"end":{"line":48,"column":41}},{"start":{"line":48,"column":2},"end":{"line":48,"column":41}}],"line":48}},"s":{"0":0,"1":0,"2":0,"3":0,"4":0,"5":0,"6":0,"7":0,"8":0,"9":0,"10":0,"11":0,"12":0,"13":0,"14":0,"15":0,"16":0,"17":0,"18":0,"19":0,"20":0,"21":0,"22":0,"23":0,"24":0,"25":0,"26":0,"27":0,"28":0,"29":0,"30":0,"31":0,"32":0,"33":0,"34":0,"35":0,"36":0,"37":0,"38":0,"39":0},"f":{"0":0,"1":0,"2":0,"3":0,"4":0,"5":0},"b":{"0":[0,0],"1":[0,0],"2":[0,0],"3":[0,0],"4":[0,0],"5":[0,0],"6":[0,0],"7":[0,0],"8":[0,0],"9":[0,0],"10":[0,0],"11":[0,0],"12":[0,0]},"_coverageSchema":"332fd63041d2c1bcb487cc26dd0d5f7d97098a6c","hash":"239c3e698d9a3f256db9689073522a91bf544857"}
,"/Users/FelipeMarcos/Projects/skrollr/src/utils/index.js": {"path":"/Users/FelipeMarcos/Projects/skrollr/src/utils/index.js","statementMap":{"0":{"start":{"line":2,"column":2},"end":{"line":2,"column":59}},"1":{"start":{"line":6,"column":2},"end":{"line":6,"column":32}},"2":{"start":{"line":10,"column":2},"end":{"line":10,"column":34}},"3":{"start":{"line":10,"column":23},"end":{"line":10,"column":32}},"4":{"start":{"line":14,"column":2},"end":{"line":14,"column":43}},"5":{"start":{"line":18,"column":2},"end":{"line":18,"column":26}},"6":{"start":{"line":22,"column":2},"end":{"line":22,"column":63}},"7":{"start":{"line":26,"column":2},"end":{"line":26,"column":44}}},"fnMap":{"0":{"name":"random","decl":{"start":{"line":1,"column":16},"end":{"line":1,"column":22}},"loc":{"start":{"line":1,"column":34},"end":{"line":3,"column":1}},"line":1},"1":{"name":"stringContains","decl":{"start":{"line":5,"column":16},"end":{"line":5,"column":30}},"loc":{"start":{"line":5,"column":42},"end":{"line":7,"column":1}},"line":5},"2":{"name":"arrayContains","decl":{"start":{"line":9,"column":16},"end":{"line":9,"column":29}},"loc":{"start":{"line":9,"column":40},"end":{"line":11,"column":1}},"line":9},"3":{"name":"(anonymous_3)","decl":{"start":{"line":10,"column":18},"end":{"line":10,"column":19}},"loc":{"start":{"line":10,"column":23},"end":{"line":10,"column":32}},"line":10},"4":{"name":"minMaxValue","decl":{"start":{"line":13,"column":16},"end":{"line":13,"column":27}},"loc":{"start":{"line":13,"column":43},"end":{"line":15,"column":1}},"line":13},"5":{"name":"maxValue","decl":{"start":{"line":17,"column":16},"end":{"line":17,"column":24}},"loc":{"start":{"line":17,"column":30},"end":{"line":19,"column":1}},"line":17},"6":{"name":"stringToHyphens","decl":{"start":{"line":21,"column":16},"end":{"line":21,"column":31}},"loc":{"start":{"line":21,"column":37},"end":{"line":23,"column":1}},"line":21},"7":{"name":"assign","decl":{"start":{"line":25,"column":16},"end":{"line":25,"column":22}},"loc":{"start":{"line":25,"column":40},"end":{"line":27,"column":1}},"line":25}},"branchMap":{},"s":{"0":0,"1":6,"2":11,"3":89,"4":0,"5":0,"6":3,"7":0},"f":{"0":0,"1":6,"2":11,"3":89,"4":0,"5":0,"6":3,"7":0},"b":{},"_coverageSchema":"332fd63041d2c1bcb487cc26dd0d5f7d97098a6c","hash":"37b9247b8a75bbc0794002d8872f9c54bc5e3321"}
,"/Users/FelipeMarcos/Projects/skrollr/src/utils/is.js": {"path":"/Users/FelipeMarcos/Projects/skrollr/src/utils/is.js","statementMap":{"0":{"start":{"line":3,"column":11},"end":{"line":16,"column":1}},"1":{"start":{"line":4,"column":12},"end":{"line":4,"column":28}},"2":{"start":{"line":5,"column":12},"end":{"line":5,"column":71}},"3":{"start":{"line":6,"column":12},"end":{"line":6,"column":56}},"4":{"start":{"line":7,"column":12},"end":{"line":7,"column":35}},"5":{"start":{"line":8,"column":12},"end":{"line":8,"column":35}},"6":{"start":{"line":9,"column":12},"end":{"line":9,"column":33}},"7":{"start":{"line":10,"column":12},"end":{"line":10,"column":35}},"8":{"start":{"line":11,"column":12},"end":{"line":11,"column":36}},"9":{"start":{"line":12,"column":12},"end":{"line":12,"column":56}},"10":{"start":{"line":13,"column":12},"end":{"line":13,"column":26}},"11":{"start":{"line":14,"column":12},"end":{"line":14,"column":26}},"12":{"start":{"line":15,"column":13},"end":{"line":15,"column":48}}},"fnMap":{"0":{"name":"(anonymous_0)","decl":{"start":{"line":4,"column":7},"end":{"line":4,"column":8}},"loc":{"start":{"line":4,"column":12},"end":{"line":4,"column":28}},"line":4},"1":{"name":"(anonymous_1)","decl":{"start":{"line":5,"column":7},"end":{"line":5,"column":8}},"loc":{"start":{"line":5,"column":12},"end":{"line":5,"column":71}},"line":5},"2":{"name":"(anonymous_2)","decl":{"start":{"line":6,"column":7},"end":{"line":6,"column":8}},"loc":{"start":{"line":6,"column":12},"end":{"line":6,"column":56}},"line":6},"3":{"name":"(anonymous_3)","decl":{"start":{"line":7,"column":7},"end":{"line":7,"column":8}},"loc":{"start":{"line":7,"column":12},"end":{"line":7,"column":35}},"line":7},"4":{"name":"(anonymous_4)","decl":{"start":{"line":8,"column":7},"end":{"line":8,"column":8}},"loc":{"start":{"line":8,"column":12},"end":{"line":8,"column":35}},"line":8},"5":{"name":"(anonymous_5)","decl":{"start":{"line":9,"column":7},"end":{"line":9,"column":8}},"loc":{"start":{"line":9,"column":12},"end":{"line":9,"column":33}},"line":9},"6":{"name":"(anonymous_6)","decl":{"start":{"line":10,"column":7},"end":{"line":10,"column":8}},"loc":{"start":{"line":10,"column":12},"end":{"line":10,"column":35}},"line":10},"7":{"name":"(anonymous_7)","decl":{"start":{"line":11,"column":7},"end":{"line":11,"column":8}},"loc":{"start":{"line":11,"column":12},"end":{"line":11,"column":36}},"line":11},"8":{"name":"(anonymous_8)","decl":{"start":{"line":12,"column":7},"end":{"line":12,"column":8}},"loc":{"start":{"line":12,"column":12},"end":{"line":12,"column":56}},"line":12},"9":{"name":"(anonymous_9)","decl":{"start":{"line":13,"column":7},"end":{"line":13,"column":8}},"loc":{"start":{"line":13,"column":12},"end":{"line":13,"column":26}},"line":13},"10":{"name":"(anonymous_10)","decl":{"start":{"line":14,"column":7},"end":{"line":14,"column":8}},"loc":{"start":{"line":14,"column":12},"end":{"line":14,"column":26}},"line":14},"11":{"name":"(anonymous_11)","decl":{"start":{"line":15,"column":7},"end":{"line":15,"column":8}},"loc":{"start":{"line":15,"column":13},"end":{"line":15,"column":48}},"line":15}},"branchMap":{"0":{"loc":{"start":{"line":6,"column":12},"end":{"line":6,"column":56}},"type":"binary-expr","locations":[{"start":{"line":6,"column":12},"end":{"line":6,"column":21}},{"start":{"line":6,"column":25},"end":{"line":6,"column":56}}],"line":6},"1":{"loc":{"start":{"line":8,"column":12},"end":{"line":8,"column":35}},"type":"binary-expr","locations":[{"start":{"line":8,"column":12},"end":{"line":8,"column":22}},{"start":{"line":8,"column":26},"end":{"line":8,"column":35}}],"line":8},"2":{"loc":{"start":{"line":15,"column":13},"end":{"line":15,"column":48}},"type":"binary-expr","locations":[{"start":{"line":15,"column":13},"end":{"line":15,"column":22}},{"start":{"line":15,"column":26},"end":{"line":15,"column":35}},{"start":{"line":15,"column":39},"end":{"line":15,"column":48}}],"line":15}},"s":{"0":2,"1":0,"2":0,"3":0,"4":4,"5":20,"6":4,"7":1,"8":0,"9":4,"10":4,"11":4,"12":4},"f":{"0":0,"1":0,"2":0,"3":4,"4":20,"5":4,"6":1,"7":0,"8":4,"9":4,"10":4,"11":4},"b":{"0":[0,0],"1":[20,0],"2":[4,4,4]},"_coverageSchema":"332fd63041d2c1bcb487cc26dd0d5f7d97098a6c","hash":"462cd69b0033695e654551a891f45a919c96c833"}
,"/Users/FelipeMarcos/Projects/skrollr/src/utils/tween.js": {"path":"/Users/FelipeMarcos/Projects/skrollr/src/utils/tween.js","statementMap":{"0":{"start":{"line":19,"column":24},"end":{"line":19,"column":181}},"1":{"start":{"line":21,"column":23},"end":{"line":24,"column":1}},"2":{"start":{"line":27,"column":2},"end":{"line":27,"column":38}},"3":{"start":{"line":31,"column":24},"end":{"line":31,"column":78}},"4":{"start":{"line":33,"column":2},"end":{"line":35,"column":3}},"5":{"start":{"line":34,"column":4},"end":{"line":34,"column":11}},"6":{"start":{"line":37,"column":2},"end":{"line":40,"column":15}},"7":{"start":{"line":39,"column":16},"end":{"line":39,"column":40}},"8":{"start":{"line":44,"column":2},"end":{"line":44,"column":87}},"9":{"start":{"line":44,"column":75},"end":{"line":44,"column":87}},"10":{"start":{"line":45,"column":2},"end":{"line":45,"column":91}},"11":{"start":{"line":45,"column":78},"end":{"line":45,"column":91}},"12":{"start":{"line":49,"column":2},"end":{"line":49,"column":77}},"13":{"start":{"line":49,"column":58},"end":{"line":49,"column":77}},"14":{"start":{"line":50,"column":2},"end":{"line":50,"column":92}},"15":{"start":{"line":50,"column":73},"end":{"line":50,"column":92}},"16":{"start":{"line":51,"column":2},"end":{"line":51,"column":82}},"17":{"start":{"line":51,"column":69},"end":{"line":51,"column":82}},"18":{"start":{"line":55,"column":2},"end":{"line":57,"column":3}},"19":{"start":{"line":56,"column":4},"end":{"line":56,"column":79}},"20":{"start":{"line":61,"column":2},"end":{"line":63,"column":3}},"21":{"start":{"line":62,"column":4},"end":{"line":62,"column":27}},"22":{"start":{"line":65,"column":23},"end":{"line":65,"column":35}},"23":{"start":{"line":66,"column":19},"end":{"line":66,"column":87}},"24":{"start":{"line":68,"column":2},"end":{"line":68,"column":63}},"25":{"start":{"line":72,"column":2},"end":{"line":72,"column":31}},"26":{"start":{"line":72,"column":20},"end":{"line":72,"column":31}},"27":{"start":{"line":73,"column":2},"end":{"line":73,"column":24}},"28":{"start":{"line":77,"column":14},"end":{"line":77,"column":28}},"29":{"start":{"line":79,"column":24},"end":{"line":79,"column":62}},"30":{"start":{"line":80,"column":15},"end":{"line":80,"column":53}},"31":{"start":{"line":82,"column":16},"end":{"line":82,"column":45}},"32":{"start":{"line":84,"column":2},"end":{"line":88,"column":4}},"33":{"start":{"line":92,"column":16},"end":{"line":92,"column":111}},"34":{"start":{"line":93,"column":2},"end":{"line":93,"column":29}},"35":{"start":{"line":93,"column":13},"end":{"line":93,"column":29}},"36":{"start":{"line":97,"column":22},"end":{"line":97,"column":48}},"37":{"start":{"line":98,"column":21},"end":{"line":98,"column":76}},"38":{"start":{"line":99,"column":14},"end":{"line":99,"column":32}},"39":{"start":{"line":101,"column":2},"end":{"line":103,"column":3}},"40":{"start":{"line":102,"column":4},"end":{"line":102,"column":22}},"41":{"start":{"line":105,"column":14},"end":{"line":105,"column":16}},"42":{"start":{"line":106,"column":14},"end":{"line":106,"column":16}},"43":{"start":{"line":107,"column":15},"end":{"line":107,"column":17}},"44":{"start":{"line":108,"column":14},"end":{"line":108,"column":31}},"45":{"start":{"line":109,"column":2},"end":{"line":112,"column":3}},"46":{"start":{"line":110,"column":4},"end":{"line":110,"column":25}},"47":{"start":{"line":111,"column":4},"end":{"line":111,"column":26}},"48":{"start":{"line":114,"column":16},"end":{"line":114,"column":64}},"49":{"start":{"line":114,"column":42},"end":{"line":114,"column":63}},"50":{"start":{"line":116,"column":2},"end":{"line":116,"column":46}},"51":{"start":{"line":120,"column":2},"end":{"line":124,"column":3}},"52":{"start":{"line":121,"column":22},"end":{"line":121,"column":65}},"53":{"start":{"line":122,"column":16},"end":{"line":122,"column":53}},"54":{"start":{"line":123,"column":22},"end":{"line":123,"column":59}},"55":{"start":{"line":125,"column":2},"end":{"line":125,"column":31}},"56":{"start":{"line":129,"column":19},"end":{"line":129,"column":43}},"57":{"start":{"line":131,"column":2},"end":{"line":133,"column":3}},"58":{"start":{"line":132,"column":4},"end":{"line":132,"column":14}},"59":{"start":{"line":135,"column":12},"end":{"line":135,"column":28}},"60":{"start":{"line":136,"column":12},"end":{"line":136,"column":28}},"61":{"start":{"line":137,"column":12},"end":{"line":137,"column":51}},"62":{"start":{"line":138,"column":2},"end":{"line":142,"column":3}},"63":{"start":{"line":139,"column":14},"end":{"line":139,"column":31}},"64":{"start":{"line":140,"column":14},"end":{"line":140,"column":31}},"65":{"start":{"line":141,"column":14},"end":{"line":141,"column":31}},"66":{"start":{"line":146,"column":15},"end":{"line":146,"column":55}},"67":{"start":{"line":147,"column":2},"end":{"line":147,"column":40}},"68":{"start":{"line":151,"column":2},"end":{"line":151,"column":22}},"69":{"start":{"line":155,"column":2},"end":{"line":159,"column":3}},"70":{"start":{"line":162,"column":32},"end":{"line":172,"column":1}},"71":{"start":{"line":163,"column":20},"end":{"line":163,"column":34}},"72":{"start":{"line":164,"column":26},"end":{"line":164,"column":46}},"73":{"start":{"line":166,"column":4},"end":{"line":168,"column":5}},"74":{"start":{"line":167,"column":6},"end":{"line":167,"column":33}},"75":{"start":{"line":170,"column":4},"end":{"line":170,"column":44}}},"fnMap":{"0":{"name":"mapPropToCSSProp","decl":{"start":{"line":26,"column":16},"end":{"line":26,"column":32}},"loc":{"start":{"line":26,"column":39},"end":{"line":28,"column":1}},"line":26},"1":{"name":"updateTransform","decl":{"start":{"line":30,"column":16},"end":{"line":30,"column":31}},"loc":{"start":{"line":30,"column":44},"end":{"line":41,"column":1}},"line":30},"2":{"name":"(anonymous_2)","decl":{"start":{"line":39,"column":9},"end":{"line":39,"column":10}},"loc":{"start":{"line":39,"column":16},"end":{"line":39,"column":40}},"line":39},"3":{"name":"getTransformUnit","decl":{"start":{"line":43,"column":16},"end":{"line":43,"column":32}},"loc":{"start":{"line":43,"column":43},"end":{"line":46,"column":1}},"line":43},"4":{"name":"getAnimationType","decl":{"start":{"line":48,"column":16},"end":{"line":48,"column":32}},"loc":{"start":{"line":48,"column":43},"end":{"line":52,"column":1}},"line":48},"5":{"name":"getCSSValue","decl":{"start":{"line":54,"column":16},"end":{"line":54,"column":27}},"loc":{"start":{"line":54,"column":38},"end":{"line":58,"column":1}},"line":54},"6":{"name":"validateValue","decl":{"start":{"line":60,"column":16},"end":{"line":60,"column":29}},"loc":{"start":{"line":60,"column":41},"end":{"line":69,"column":1}},"line":60},"7":{"name":"getFunctionValue","decl":{"start":{"line":71,"column":16},"end":{"line":71,"column":32}},"loc":{"start":{"line":71,"column":49},"end":{"line":74,"column":1}},"line":71},"8":{"name":"decomposeValue","decl":{"start":{"line":76,"column":16},"end":{"line":76,"column":30}},"loc":{"start":{"line":76,"column":50},"end":{"line":89,"column":1}},"line":76},"9":{"name":"getUnit","decl":{"start":{"line":91,"column":16},"end":{"line":91,"column":23}},"loc":{"start":{"line":91,"column":29},"end":{"line":94,"column":1}},"line":91},"10":{"name":"getTransformValue","decl":{"start":{"line":96,"column":16},"end":{"line":96,"column":33}},"loc":{"start":{"line":96,"column":48},"end":{"line":117,"column":1}},"line":96},"11":{"name":"(anonymous_11)","decl":{"start":{"line":114,"column":30},"end":{"line":114,"column":31}},"loc":{"start":{"line":114,"column":42},"end":{"line":114,"column":63}},"line":114},"12":{"name":"getOriginalTargetValue","decl":{"start":{"line":119,"column":16},"end":{"line":119,"column":38}},"loc":{"start":{"line":119,"column":57},"end":{"line":126,"column":1}},"line":119},"13":{"name":"getRelativeValue","decl":{"start":{"line":128,"column":16},"end":{"line":128,"column":32}},"loc":{"start":{"line":128,"column":43},"end":{"line":143,"column":1}},"line":128},"14":{"name":"normalizeEasing","decl":{"start":{"line":145,"column":16},"end":{"line":145,"column":31}},"loc":{"start":{"line":145,"column":40},"end":{"line":148,"column":1}},"line":145},"15":{"name":"isPropATween","decl":{"start":{"line":150,"column":16},"end":{"line":150,"column":28}},"loc":{"start":{"line":150,"column":35},"end":{"line":152,"column":1}},"line":150},"16":{"name":"mapPropToTween","decl":{"start":{"line":154,"column":16},"end":{"line":154,"column":30}},"loc":{"start":{"line":154,"column":65},"end":{"line":160,"column":1}},"line":154},"17":{"name":"(anonymous_17)","decl":{"start":{"line":163,"column":7},"end":{"line":163,"column":8}},"loc":{"start":{"line":163,"column":20},"end":{"line":163,"column":34}},"line":163},"18":{"name":"(anonymous_18)","decl":{"start":{"line":164,"column":13},"end":{"line":164,"column":14}},"loc":{"start":{"line":164,"column":26},"end":{"line":164,"column":46}},"line":164},"19":{"name":"(anonymous_19)","decl":{"start":{"line":165,"column":13},"end":{"line":165,"column":14}},"loc":{"start":{"line":165,"column":30},"end":{"line":171,"column":3}},"line":165}},"branchMap":{"0":{"loc":{"start":{"line":27,"column":9},"end":{"line":27,"column":37}},"type":"binary-expr","locations":[{"start":{"line":27,"column":9},"end":{"line":27,"column":29}},{"start":{"line":27,"column":33},"end":{"line":27,"column":37}}],"line":27},"1":{"loc":{"start":{"line":33,"column":2},"end":{"line":35,"column":3}},"type":"if","locations":[{"start":{"line":33,"column":2},"end":{"line":35,"column":3}},{"start":{"line":33,"column":2},"end":{"line":35,"column":3}}],"line":33},"2":{"loc":{"start":{"line":33,"column":6},"end":{"line":33,"column":46}},"type":"binary-expr","locations":[{"start":{"line":33,"column":6},"end":{"line":33,"column":20}},{"start":{"line":33,"column":24},"end":{"line":33,"column":46}}],"line":33},"3":{"loc":{"start":{"line":44,"column":2},"end":{"line":44,"column":87}},"type":"if","locations":[{"start":{"line":44,"column":2},"end":{"line":44,"column":87}},{"start":{"line":44,"column":2},"end":{"line":44,"column":87}}],"line":44},"4":{"loc":{"start":{"line":44,"column":6},"end":{"line":44,"column":73}},"type":"binary-expr","locations":[{"start":{"line":44,"column":6},"end":{"line":44,"column":43}},{"start":{"line":44,"column":47},"end":{"line":44,"column":73}}],"line":44},"5":{"loc":{"start":{"line":45,"column":2},"end":{"line":45,"column":91}},"type":"if","locations":[{"start":{"line":45,"column":2},"end":{"line":45,"column":91}},{"start":{"line":45,"column":2},"end":{"line":45,"column":91}}],"line":45},"6":{"loc":{"start":{"line":45,"column":6},"end":{"line":45,"column":76}},"type":"binary-expr","locations":[{"start":{"line":45,"column":6},"end":{"line":45,"column":40}},{"start":{"line":45,"column":44},"end":{"line":45,"column":76}}],"line":45},"7":{"loc":{"start":{"line":49,"column":2},"end":{"line":49,"column":77}},"type":"if","locations":[{"start":{"line":49,"column":2},"end":{"line":49,"column":77}},{"start":{"line":49,"column":2},"end":{"line":49,"column":77}}],"line":49},"8":{"loc":{"start":{"line":49,"column":6},"end":{"line":49,"column":56}},"type":"binary-expr","locations":[{"start":{"line":49,"column":6},"end":{"line":49,"column":16}},{"start":{"line":49,"column":20},"end":{"line":49,"column":56}}],"line":49},"9":{"loc":{"start":{"line":50,"column":2},"end":{"line":50,"column":92}},"type":"if","locations":[{"start":{"line":50,"column":2},"end":{"line":50,"column":92}},{"start":{"line":50,"column":2},"end":{"line":50,"column":92}}],"line":50},"10":{"loc":{"start":{"line":50,"column":6},"end":{"line":50,"column":71}},"type":"binary-expr","locations":[{"start":{"line":50,"column":6},"end":{"line":50,"column":16}},{"start":{"line":50,"column":21},"end":{"line":50,"column":42}},{"start":{"line":50,"column":47},"end":{"line":50,"column":57}},{"start":{"line":50,"column":61},"end":{"line":50,"column":69}}],"line":50},"11":{"loc":{"start":{"line":51,"column":2},"end":{"line":51,"column":82}},"type":"if","locations":[{"start":{"line":51,"column":2},"end":{"line":51,"column":82}},{"start":{"line":51,"column":2},"end":{"line":51,"column":82}}],"line":51},"12":{"loc":{"start":{"line":51,"column":6},"end":{"line":51,"column":67}},"type":"binary-expr","locations":[{"start":{"line":51,"column":6},"end":{"line":51,"column":16}},{"start":{"line":51,"column":21},"end":{"line":51,"column":41}},{"start":{"line":51,"column":45},"end":{"line":51,"column":66}}],"line":51},"13":{"loc":{"start":{"line":55,"column":2},"end":{"line":57,"column":3}},"type":"if","locations":[{"start":{"line":55,"column":2},"end":{"line":57,"column":3}},{"start":{"line":55,"column":2},"end":{"line":57,"column":3}}],"line":55},"14":{"loc":{"start":{"line":56,"column":11},"end":{"line":56,"column":78}},"type":"binary-expr","locations":[{"start":{"line":56,"column":11},"end":{"line":56,"column":71}},{"start":{"line":56,"column":75},"end":{"line":56,"column":78}}],"line":56},"15":{"loc":{"start":{"line":61,"column":2},"end":{"line":63,"column":3}},"type":"if","locations":[{"start":{"line":61,"column":2},"end":{"line":63,"column":3}},{"start":{"line":61,"column":2},"end":{"line":63,"column":3}}],"line":61},"16":{"loc":{"start":{"line":66,"column":19},"end":{"line":66,"column":87}},"type":"cond-expr","locations":[{"start":{"line":66,"column":34},"end":{"line":66,"column":81}},{"start":{"line":66,"column":84},"end":{"line":66,"column":87}}],"line":66},"17":{"loc":{"start":{"line":68,"column":9},"end":{"line":68,"column":62}},"type":"cond-expr","locations":[{"start":{"line":68,"column":36},"end":{"line":68,"column":51}},{"start":{"line":68,"column":54},"end":{"line":68,"column":62}}],"line":68},"18":{"loc":{"start":{"line":68,"column":9},"end":{"line":68,"column":33}},"type":"binary-expr","locations":[{"start":{"line":68,"column":9},"end":{"line":68,"column":13}},{"start":{"line":68,"column":17},"end":{"line":68,"column":33}}],"line":68},"19":{"loc":{"start":{"line":72,"column":2},"end":{"line":72,"column":31}},"type":"if","locations":[{"start":{"line":72,"column":2},"end":{"line":72,"column":31}},{"start":{"line":72,"column":2},"end":{"line":72,"column":31}}],"line":72},"20":{"loc":{"start":{"line":80,"column":15},"end":{"line":80,"column":53}},"type":"binary-expr","locations":[{"start":{"line":80,"column":15},"end":{"line":80,"column":27}},{"start":{"line":80,"column":31},"end":{"line":80,"column":53}}],"line":80},"21":{"loc":{"start":{"line":86,"column":13},"end":{"line":86,"column":66}},"type":"cond-expr","locations":[{"start":{"line":86,"column":32},"end":{"line":86,"column":60}},{"start":{"line":86,"column":63},"end":{"line":86,"column":66}}],"line":86},"22":{"loc":{"start":{"line":87,"column":13},"end":{"line":87,"column":58}},"type":"cond-expr","locations":[{"start":{"line":87,"column":37},"end":{"line":87,"column":53}},{"start":{"line":87,"column":56},"end":{"line":87,"column":58}}],"line":87},"23":{"loc":{"start":{"line":87,"column":14},"end":{"line":87,"column":33}},"type":"binary-expr","locations":[{"start":{"line":87,"column":14},"end":{"line":87,"column":25}},{"start":{"line":87,"column":29},"end":{"line":87,"column":33}}],"line":87},"24":{"loc":{"start":{"line":93,"column":2},"end":{"line":93,"column":29}},"type":"if","locations":[{"start":{"line":93,"column":2},"end":{"line":93,"column":29}},{"start":{"line":93,"column":2},"end":{"line":93,"column":29}}],"line":93},"25":{"loc":{"start":{"line":98,"column":21},"end":{"line":98,"column":76}},"type":"cond-expr","locations":[{"start":{"line":98,"column":57},"end":{"line":98,"column":58}},{"start":{"line":98,"column":61},"end":{"line":98,"column":76}}],"line":98},"26":{"loc":{"start":{"line":101,"column":2},"end":{"line":103,"column":3}},"type":"if","locations":[{"start":{"line":101,"column":2},"end":{"line":103,"column":3}},{"start":{"line":101,"column":2},"end":{"line":103,"column":3}}],"line":101},"27":{"loc":{"start":{"line":116,"column":9},"end":{"line":116,"column":45}},"type":"cond-expr","locations":[{"start":{"line":116,"column":24},"end":{"line":116,"column":32}},{"start":{"line":116,"column":35},"end":{"line":116,"column":45}}],"line":116},"28":{"loc":{"start":{"line":120,"column":2},"end":{"line":124,"column":3}},"type":"switch","locations":[{"start":{"line":121,"column":4},"end":{"line":121,"column":65}},{"start":{"line":122,"column":4},"end":{"line":122,"column":53}},{"start":{"line":123,"column":4},"end":{"line":123,"column":59}}],"line":120},"29":{"loc":{"start":{"line":125,"column":9},"end":{"line":125,"column":30}},"type":"binary-expr","locations":[{"start":{"line":125,"column":9},"end":{"line":125,"column":25}},{"start":{"line":125,"column":29},"end":{"line":125,"column":30}}],"line":125},"30":{"loc":{"start":{"line":131,"column":2},"end":{"line":133,"column":3}},"type":"if","locations":[{"start":{"line":131,"column":2},"end":{"line":133,"column":3}},{"start":{"line":131,"column":2},"end":{"line":133,"column":3}}],"line":131},"31":{"loc":{"start":{"line":135,"column":12},"end":{"line":135,"column":28}},"type":"binary-expr","locations":[{"start":{"line":135,"column":12},"end":{"line":135,"column":23}},{"start":{"line":135,"column":27},"end":{"line":135,"column":28}}],"line":135},"32":{"loc":{"start":{"line":138,"column":2},"end":{"line":142,"column":3}},"type":"switch","locations":[{"start":{"line":139,"column":4},"end":{"line":139,"column":31}},{"start":{"line":140,"column":4},"end":{"line":140,"column":31}},{"start":{"line":141,"column":4},"end":{"line":141,"column":31}}],"line":138},"33":{"loc":{"start":{"line":146,"column":15},"end":{"line":146,"column":55}},"type":"cond-expr","locations":[{"start":{"line":146,"column":32},"end":{"line":146,"column":46}},{"start":{"line":146,"column":49},"end":{"line":146,"column":55}}],"line":146},"34":{"loc":{"start":{"line":166,"column":4},"end":{"line":168,"column":5}},"type":"if","locations":[{"start":{"line":166,"column":4},"end":{"line":168,"column":5}},{"start":{"line":166,"column":4},"end":{"line":168,"column":5}}],"line":166}},"s":{"0":2,"1":2,"2":1,"3":0,"4":0,"5":0,"6":0,"7":0,"8":3,"9":3,"10":0,"11":0,"12":11,"13":6,"14":5,"15":1,"16":4,"17":3,"18":6,"19":3,"20":3,"21":0,"22":3,"23":3,"24":3,"25":1,"26":1,"27":0,"28":3,"29":3,"30":3,"31":3,"32":3,"33":76,"34":76,"35":76,"36":3,"37":3,"38":3,"39":3,"40":3,"41":0,"42":0,"43":0,"44":0,"45":0,"46":0,"47":0,"48":0,"49":0,"50":0,"51":3,"52":3,"53":0,"54":0,"55":0,"56":0,"57":0,"58":0,"59":0,"60":0,"61":0,"62":0,"63":0,"64":0,"65":0,"66":1,"67":1,"68":0,"69":0,"70":2,"71":0,"72":0,"73":0,"74":0,"75":0},"f":{"0":1,"1":0,"2":0,"3":3,"4":11,"5":6,"6":3,"7":1,"8":3,"9":76,"10":3,"11":0,"12":3,"13":0,"14":1,"15":0,"16":0,"17":0,"18":0,"19":0},"b":{"0":[1,1],"1":[0,0],"2":[0,0],"3":[3,0],"4":[3,0],"5":[0,0],"6":[0,0],"7":[6,5],"8":[11,11],"9":[1,4],"10":[5,5,4,0],"11":[3,1],"12":[4,4,4],"13":[3,3],"14":[3,3],"15":[0,3],"16":[1,2],"17":[3,0],"18":[3,3],"19":[1,0],"20":[3,2],"21":[3,0],"22":[3,0],"23":[3,2],"24":[76,0],"25":[0,3],"26":[3,0],"27":[0,0],"28":[3,0,0],"29":[0,0],"30":[0,0],"31":[0,0],"32":[0,0,0],"33":[1,0],"34":[0,0]},"_coverageSchema":"332fd63041d2c1bcb487cc26dd0d5f7d97098a6c","hash":"462e28a7860b0d46102eb90291e68520d04adedc"}
}
