TN:
SF:/Users/FelipeMarcos/Projects/skrollr/src/easing.js
FNF:0
FNH:0
LF:0
LH:0
BRF:0
BRH:0
end_of_record
TN:
SF:/Users/FelipeMarcos/Projects/skrollr/src/prop.js
FN:12,(anonymous_0)
FN:21,(anonymous_1)
FN:26,(anonymous_2)
FN:30,(anonymous_3)
FN:36,(anonymous_4)
FN:57,(anonymous_5)
FN:61,(anonymous_6)
FN:72,(anonymous_7)
FN:81,(anonymous_8)
FNF:9
FNH:2
FNDA:1,(anonymous_0)
FNDA:2,(anonymous_1)
FNDA:0,(anonymous_2)
FNDA:0,(anonymous_3)
FNDA:0,(anonymous_4)
FNDA:0,(anonymous_5)
FNDA:0,(anonymous_6)
FNDA:0,(anonymous_7)
FNDA:0,(anonymous_8)
DA:13,1
DA:14,1
DA:15,1
DA:16,1
DA:17,1
DA:18,1
DA:20,1
DA:21,2
DA:23,1
DA:27,0
DA:31,0
DA:32,0
DA:35,0
DA:37,0
DA:38,0
DA:40,0
DA:41,0
DA:44,0
DA:45,0
DA:48,0
DA:49,0
DA:52,0
DA:58,0
DA:62,0
DA:63,0
DA:64,0
DA:66,0
DA:67,0
DA:69,0
DA:73,0
DA:75,0
DA:76,0
DA:78,0
DA:80,0
DA:82,0
DA:83,0
DA:85,0
DA:86,0
DA:89,0
DA:92,0
DA:93,0
DA:95,0
LF:42
LH:9
BRDA:31,0,0,0
BRDA:31,0,1,0
BRDA:40,1,0,0
BRDA:40,1,1,0
BRDA:44,2,0,0
BRDA:44,2,1,0
BRDA:48,3,0,0
BRDA:48,3,1,0
BRDA:66,4,0,0
BRDA:66,4,1,0
BRDA:75,5,0,0
BRDA:75,5,1,0
BRDA:76,6,0,0
BRDA:76,6,1,0
BRDA:85,7,0,0
BRDA:85,7,1,0
BRF:16
BRH:0
end_of_record
TN:
SF:/Users/FelipeMarcos/Projects/skrollr/src/transforms.js
FN:5,(anonymous_0)
FNF:1
FNH:1
FNDA:2,(anonymous_0)
DA:6,2
DA:7,2
LF:2
LH:2
BRDA:7,0,0,0
BRDA:7,0,1,2
BRF:2
BRH:1
end_of_record
TN:
SF:/Users/FelipeMarcos/Projects/skrollr/src/utils/colors.js
FN:3,rgbToRgba
FN:8,hexToRgba
FN:10,(anonymous_2)
FN:18,hslToRgba
FN:24,hue2rgb
FN:45,colorToRgb
FNF:6
FNH:0
FNDA:0,rgbToRgba
FNDA:0,hexToRgba
FNDA:0,(anonymous_2)
FNDA:0,hslToRgba
FNDA:0,hue2rgb
FNDA:0,colorToRgb
DA:4,0
DA:5,0
DA:9,0
DA:10,0
DA:11,0
DA:12,0
DA:13,0
DA:14,0
DA:15,0
DA:19,0
DA:20,0
DA:21,0
DA:22,0
DA:23,0
DA:25,0
DA:26,0
DA:27,0
DA:28,0
DA:29,0
DA:30,0
DA:33,0
DA:34,0
DA:36,0
DA:37,0
DA:38,0
DA:39,0
DA:40,0
DA:42,0
DA:46,0
DA:47,0
DA:48,0
LF:31
LH:0
BRDA:5,0,0,0
BRDA:5,0,1,0
BRDA:19,1,0,0
BRDA:19,1,1,0
BRDA:23,2,0,0
BRDA:23,2,1,0
BRDA:25,3,0,0
BRDA:25,3,1,0
BRDA:26,4,0,0
BRDA:26,4,1,0
BRDA:27,5,0,0
BRDA:27,5,1,0
BRDA:28,6,0,0
BRDA:28,6,1,0
BRDA:29,7,0,0
BRDA:29,7,1,0
BRDA:33,8,0,0
BRDA:33,8,1,0
BRDA:36,9,0,0
BRDA:36,9,1,0
BRDA:46,10,0,0
BRDA:46,10,1,0
BRDA:47,11,0,0
BRDA:47,11,1,0
BRDA:48,12,0,0
BRDA:48,12,1,0
BRF:26
BRH:0
end_of_record
TN:
SF:/Users/FelipeMarcos/Projects/skrollr/src/utils/index.js
FN:1,random
FN:5,stringContains
FN:9,arrayContains
FN:10,(anonymous_3)
FN:13,minMaxValue
FN:17,maxValue
FN:21,stringToHyphens
FN:25,assign
FNF:8
FNH:4
FNDA:0,random
FNDA:6,stringContains
FNDA:11,arrayContains
FNDA:89,(anonymous_3)
FNDA:0,minMaxValue
FNDA:0,maxValue
FNDA:3,stringToHyphens
FNDA:0,assign
DA:2,0
DA:6,6
DA:10,89
DA:14,0
DA:18,0
DA:22,3
DA:26,0
LF:7
LH:3
BRF:0
BRH:0
end_of_record
TN:
SF:/Users/FelipeMarcos/Projects/skrollr/src/utils/is.js
FN:4,(anonymous_0)
FN:5,(anonymous_1)
FN:6,(anonymous_2)
FN:7,(anonymous_3)
FN:8,(anonymous_4)
FN:9,(anonymous_5)
FN:10,(anonymous_6)
FN:11,(anonymous_7)
FN:12,(anonymous_8)
FN:13,(anonymous_9)
FN:14,(anonymous_10)
FN:15,(anonymous_11)
FNF:12
FNH:8
FNDA:0,(anonymous_0)
FNDA:0,(anonymous_1)
FNDA:0,(anonymous_2)
FNDA:4,(anonymous_3)
FNDA:20,(anonymous_4)
FNDA:4,(anonymous_5)
FNDA:1,(anonymous_6)
FNDA:0,(anonymous_7)
FNDA:4,(anonymous_8)
FNDA:4,(anonymous_9)
FNDA:4,(anonymous_10)
FNDA:4,(anonymous_11)
DA:3,2
DA:4,0
DA:5,0
DA:6,0
DA:7,4
DA:8,20
DA:9,4
DA:10,1
DA:11,0
DA:12,4
DA:13,4
DA:14,4
DA:15,4
LF:13
LH:9
BRDA:6,0,0,0
BRDA:6,0,1,0
BRDA:8,1,0,20
BRDA:8,1,1,0
BRDA:15,2,0,4
BRDA:15,2,1,4
BRDA:15,2,2,4
BRF:7
BRH:4
end_of_record
TN:
SF:/Users/FelipeMarcos/Projects/skrollr/src/utils/tween.js
FN:26,mapPropToCSSProp
FN:30,updateTransform
FN:39,(anonymous_2)
FN:43,getTransformUnit
FN:48,getAnimationType
FN:54,getCSSValue
FN:60,validateValue
FN:71,getFunctionValue
FN:76,decomposeValue
FN:91,getUnit
FN:96,getTransformValue
FN:114,(anonymous_11)
FN:119,getOriginalTargetValue
FN:128,getRelativeValue
FN:145,normalizeEasing
FN:150,isPropATween
FN:154,mapPropToTween
FN:163,(anonymous_17)
FN:164,(anonymous_18)
FN:165,(anonymous_19)
FNF:20
FNH:11
FNDA:1,mapPropToCSSProp
FNDA:0,updateTransform
FNDA:0,(anonymous_2)
FNDA:3,getTransformUnit
FNDA:11,getAnimationType
FNDA:6,getCSSValue
FNDA:3,validateValue
FNDA:1,getFunctionValue
FNDA:3,decomposeValue
FNDA:76,getUnit
FNDA:3,getTransformValue
FNDA:0,(anonymous_11)
FNDA:3,getOriginalTargetValue
FNDA:0,getRelativeValue
FNDA:1,normalizeEasing
FNDA:0,isPropATween
FNDA:0,mapPropToTween
FNDA:0,(anonymous_17)
FNDA:0,(anonymous_18)
FNDA:0,(anonymous_19)
DA:19,2
DA:21,2
DA:27,1
DA:31,0
DA:33,0
DA:34,0
DA:37,0
DA:39,0
DA:44,3
DA:45,0
DA:49,11
DA:50,5
DA:51,4
DA:55,6
DA:56,3
DA:61,3
DA:62,0
DA:65,3
DA:66,3
DA:68,3
DA:72,1
DA:73,0
DA:77,3
DA:79,3
DA:80,3
DA:82,3
DA:84,3
DA:92,76
DA:93,76
DA:97,3
DA:98,3
DA:99,3
DA:101,3
DA:102,3
DA:105,0
DA:106,0
DA:107,0
DA:108,0
DA:109,0
DA:110,0
DA:111,0
DA:114,0
DA:116,0
DA:120,3
DA:121,3
DA:122,0
DA:123,0
DA:125,0
DA:129,0
DA:131,0
DA:132,0
DA:135,0
DA:136,0
DA:137,0
DA:138,0
DA:139,0
DA:140,0
DA:141,0
DA:146,1
DA:147,1
DA:151,0
DA:155,0
DA:162,2
DA:163,0
DA:164,0
DA:166,0
DA:167,0
DA:170,0
LF:68
LH:31
BRDA:27,0,0,1
BRDA:27,0,1,1
BRDA:33,1,0,0
BRDA:33,1,1,0
BRDA:33,2,0,0
BRDA:33,2,1,0
BRDA:44,3,0,3
BRDA:44,3,1,0
BRDA:44,4,0,3
BRDA:44,4,1,0
BRDA:45,5,0,0
BRDA:45,5,1,0
BRDA:45,6,0,0
BRDA:45,6,1,0
BRDA:49,7,0,6
BRDA:49,7,1,5
BRDA:49,8,0,11
BRDA:49,8,1,11
BRDA:50,9,0,1
BRDA:50,9,1,4
BRDA:50,10,0,5
BRDA:50,10,1,5
BRDA:50,10,2,4
BRDA:50,10,3,0
BRDA:51,11,0,3
BRDA:51,11,1,1
BRDA:51,12,0,4
BRDA:51,12,1,4
BRDA:51,12,2,4
BRDA:55,13,0,3
BRDA:55,13,1,3
BRDA:56,14,0,3
BRDA:56,14,1,3
BRDA:61,15,0,0
BRDA:61,15,1,3
BRDA:66,16,0,1
BRDA:66,16,1,2
BRDA:68,17,0,3
BRDA:68,17,1,0
BRDA:68,18,0,3
BRDA:68,18,1,3
BRDA:72,19,0,1
BRDA:72,19,1,0
BRDA:80,20,0,3
BRDA:80,20,1,2
BRDA:86,21,0,3
BRDA:86,21,1,0
BRDA:87,22,0,3
BRDA:87,22,1,0
BRDA:87,23,0,3
BRDA:87,23,1,2
BRDA:93,24,0,76
BRDA:93,24,1,0
BRDA:98,25,0,0
BRDA:98,25,1,3
BRDA:101,26,0,3
BRDA:101,26,1,0
BRDA:116,27,0,0
BRDA:116,27,1,0
BRDA:120,28,0,3
BRDA:120,28,1,0
BRDA:120,28,2,0
BRDA:125,29,0,0
BRDA:125,29,1,0
BRDA:131,30,0,0
BRDA:131,30,1,0
BRDA:135,31,0,0
BRDA:135,31,1,0
BRDA:138,32,0,0
BRDA:138,32,1,0
BRDA:138,32,2,0
BRDA:146,33,0,1
BRDA:146,33,1,0
BRDA:166,34,0,0
BRDA:166,34,1,0
BRF:75
BRH:40
end_of_record
